Time resolution is 1 ps
Running     rv32ui-p-addi.mem...
Result: 00000001
Running     rv32ui-p-bgeu.mem...
Result: 00000001
Running       rv32ui-p-lb.mem...
Result: 00000001
Running       rv32ui-p-or.mem...
Result: 00000001
Running    rv32ui-p-sltiu.mem...
Result: 00000001
Running      rv32ui-p-sub.mem...
Result: 00000001
Running      rv32ui-p-add.mem...
Result: 00000001
Running      rv32ui-p-blt.mem...
Result: 00000001
Running      rv32ui-p-lbu.mem...
Result: 00000001
Running       rv32ui-p-sb.mem...
Result: 00000001
Running      rv32ui-p-slt.mem...
Result: 00000001
Running       rv32ui-p-sw.mem...
Result: 00000001
Running     rv32ui-p-andi.mem...
Result: 00000001
Running     rv32ui-p-bltu.mem...
Result: 00000001
Running       rv32ui-p-lh.mem...
Result: 00000001
Running       rv32ui-p-sh.mem...
Result: 00000001
Running     rv32ui-p-sltu.mem...
Result: 00000001
Running     rv32ui-p-xori.mem...
Result: 00000001
Running      rv32ui-p-and.mem...
Result: 00000001
Running      rv32ui-p-bne.mem...
Result: 00000001
Running      rv32ui-p-lhu.mem...
Result: 00000001
Running   rv32ui-p-simple.mem...
Result: 00000001
Running     rv32ui-p-srai.mem...
Result: 00000001
Running      rv32ui-p-xor.mem...
Result: 00000001
Running    rv32ui-p-auipc.mem...
Result: 00000001
Running  rv32ui-p-fence_i.mem...
Result: 00000001
Running      rv32ui-p-lui.mem...
Result: 00000001
Running     rv32ui-p-slli.mem...
Result: 00000001
Running      rv32ui-p-sra.mem...
Result: 00000001
Running      rv32ui-p-beq.mem...
Result: 00000001
Running      rv32ui-p-jal.mem...
Result: 00000001
Running       rv32ui-p-lw.mem...
Result: 00000001
Running      rv32ui-p-sll.mem...
Result: 00000001
Running     rv32ui-p-srli.mem...
Result: 00000001
Running      rv32ui-p-bge.mem...
Result: 00000001
Running     rv32ui-p-jalr.mem...
Result: 00000001
Running      rv32ui-p-ori.mem...
Result: 00000001
Running     rv32ui-p-slti.mem...
Result: 00000001
Running      rv32ui-p-srl.mem...
Result: 00000001
Steel Core testbench done. If all results are 00000001 then everything works fine.
