Copyright 1986-2022 Xilinx, Inc. All Rights Reserved. Copyright 2022-2023 Advanced Micro Devices, Inc. All Rights Reserved.
---------------------------------------------------------------------------------------------------------------------------------------------
| Tool Version : Vivado v.2023.1 (win64) Build 3865809 Sun May  7 15:05:29 MDT 2023
| Date         : Tue Jul 18 21:51:05 2023
| Host         : CAK-M3NSK32-556 running 64-bit major release  (build 9200)
| Command      : report_control_sets -verbose -file hello_world_control_sets_placed.rpt
| Design       : hello_world
| Device       : xc7a35t
---------------------------------------------------------------------------------------------------------------------------------------------

Control Set Information

Table of Contents
-----------------
1. Summary
2. Histogram
3. Flip-Flop Distribution
4. Detailed Control Set Information

1. Summary
----------

+----------------------------------------------------------+-------+
|                          Status                          | Count |
+----------------------------------------------------------+-------+
| Total control sets                                       |    18 |
|    Minimum number of control sets                        |    18 |
|    Addition due to synthesis replication                 |     0 |
|    Addition due to physical synthesis replication        |     0 |
| Unused register locations in slices containing registers |    50 |
+----------------------------------------------------------+-------+
* Control sets can be merged at opt_design using control_set_merge or merge_equivalent_drivers
** Run report_qor_suggestions for automated merging and remapping suggestions


2. Histogram
------------

+--------------------+-------+
|       Fanout       | Count |
+--------------------+-------+
| Total control sets |    18 |
| >= 0 to < 4        |     1 |
| >= 4 to < 6        |     1 |
| >= 6 to < 8        |     0 |
| >= 8 to < 10       |     4 |
| >= 10 to < 12      |     0 |
| >= 12 to < 14      |     1 |
| >= 14 to < 16      |     1 |
| >= 16              |    10 |
+--------------------+-------+
* Control sets can be remapped at either synth_design or opt_design


3. Flip-Flop Distribution
-------------------------

+--------------+-----------------------+------------------------+-----------------+--------------+
| Clock Enable | Synchronous Set/Reset | Asynchronous Set/Reset | Total Registers | Total Slices |
+--------------+-----------------------+------------------------+-----------------+--------------+
| No           | No                    | No                     |              35 |           13 |
| No           | No                    | Yes                    |               0 |            0 |
| No           | Yes                   | No                     |             108 |           33 |
| Yes          | No                    | No                     |               9 |            4 |
| Yes          | No                    | Yes                    |               0 |            0 |
| Yes          | Yes                   | No                     |             566 |          255 |
+--------------+-----------------------+------------------------+-----------------+--------------+


4. Detailed Control Set Information
-----------------------------------

+----------------------+--------------------------------------------------+----------------------------------------------+------------------+----------------+--------------+
|     Clock Signal     |                   Enable Signal                  |               Set/Reset Signal               | Slice Load Count | Bel Load Count | Bels / Slice |
+----------------------+--------------------------------------------------+----------------------------------------------+------------------+----------------+--------------+
|  clock_IBUF_BUFG     |                                                  |                                              |                1 |              1 |         1.00 |
|  internal_clock_BUFG | riscv_steel_core_instance/mcause[31]_i_1_n_0     | reset_IBUF                                   |                2 |              5 |         2.50 |
|  internal_clock_BUFG |                                                  | riscv_steel_core_instance/SR[0]              |                3 |              8 |         2.67 |
|  internal_clock_BUFG | uart_instance/p_0_in                             | uart_instance/rx_register[7]_i_1_n_0         |                2 |              8 |         4.00 |
|  internal_clock_BUFG | uart_instance/E[0]                               | reset_IBUF                                   |                1 |              8 |         8.00 |
|  internal_clock_BUFG | uart_instance/tx_register                        |                                              |                4 |              9 |         2.25 |
|  internal_clock_BUFG |                                                  | uart_instance/tx_register                    |                4 |             13 |         3.25 |
|  internal_clock_BUFG |                                                  | uart_instance/rx_cycle_counter[0]_i_1_n_0    |                4 |             14 |         3.50 |
|  internal_clock_BUFG | riscv_steel_core_instance/mcause[31]_i_1_n_0     | riscv_steel_core_instance/mcause[30]_i_1_n_0 |               18 |             27 |         1.50 |
|  internal_clock_BUFG | riscv_steel_core_instance/mepc[31]_i_1_n_0       | reset_IBUF                                   |               18 |             30 |         1.67 |
|  internal_clock_BUFG | riscv_steel_core_instance/mtvec1                 | reset_IBUF                                   |               14 |             31 |         2.21 |
|  internal_clock_BUFG | riscv_steel_core_instance/mtval[31]_i_2_n_0      | riscv_steel_core_instance/mtval[31]_i_1_n_0  |               25 |             32 |         1.28 |
|  internal_clock_BUFG | riscv_steel_core_instance/mscratch0              | reset_IBUF                                   |               20 |             32 |         1.60 |
|  internal_clock_BUFG |                                                  |                                              |               12 |             34 |         2.83 |
|  internal_clock_BUFG | riscv_steel_core_instance/current_state_reg[0]_0 | reset_IBUF                                   |               16 |             64 |         4.00 |
|  internal_clock_BUFG |                                                  | reset_IBUF                                   |               22 |             73 |         3.32 |
|  internal_clock_BUFG | riscv_steel_core_instance/p_0_in38_out           |                                              |               11 |             88 |         8.00 |
|  internal_clock_BUFG | riscv_steel_core_instance/clock_enable           | reset_IBUF                                   |              139 |            329 |         2.37 |
+----------------------+--------------------------------------------------+----------------------------------------------+------------------+----------------+--------------+


