Copyright 1986-2022 Xilinx, Inc. All Rights Reserved.
-------------------------------------------------------------------------------------------------------------------------------------------------------
| Tool Version     : Vivado v.2022.2 (win64) Build 3671981 Fri Oct 14 05:00:03 MDT 2022
| Date             : Wed Dec  7 23:23:15 2022
| Host             : aio running 64-bit major release  (build 9200)
| Command          : report_power -file hello_world_power_routed.rpt -pb hello_world_power_summary_routed.pb -rpx hello_world_power_routed.rpx
| Design           : hello_world
| Device           : xc7a35tcsg324-1
| Design State     : routed
| Grade            : commercial
| Process          : typical
| Characterization : Production
-------------------------------------------------------------------------------------------------------------------------------------------------------

Power Report

Table of Contents
-----------------
1. Summary
1.1 On-Chip Components
1.2 Power Supply Summary
1.3 Confidence Level
2. Settings
2.1 Environment
2.2 Clock Constraints
3. Detailed Reports
3.1 By Hierarchy

1. Summary
----------

+--------------------------+--------------+
| Total On-Chip Power (W)  | 0.120        |
| Design Power Budget (W)  | Unspecified* |
| Power Budget Margin (W)  | NA           |
| Dynamic (W)              | 0.048        |
| Device Static (W)        | 0.072        |
| Effective TJA (C/W)      | 4.8          |
| Max Ambient (C)          | 84.4         |
| Junction Temperature (C) | 25.6         |
| Confidence Level         | Low          |
| Setting File             | ---          |
| Simulation Activity File | ---          |
| Design Nets Matched      | NA           |
+--------------------------+--------------+
* Specify Design Power Budget using, set_operating_conditions -design_power_budget <value in Watts>


1.1 On-Chip Components
----------------------

+--------------------------+-----------+----------+-----------+-----------------+
| On-Chip                  | Power (W) | Used     | Available | Utilization (%) |
+--------------------------+-----------+----------+-----------+-----------------+
| Clocks                   |    <0.001 |        3 |       --- |             --- |
| Slice Logic              |     0.018 |     2541 |       --- |             --- |
|   LUT as Logic           |     0.017 |     1509 |     20800 |            7.25 |
|   LUT as Distributed RAM |    <0.001 |       44 |      9600 |            0.46 |
|   CARRY4                 |    <0.001 |      107 |      8150 |            1.31 |
|   Register               |    <0.001 |      637 |     41600 |            1.53 |
|   BUFG                   |    <0.001 |        1 |        32 |            3.13 |
|   F7/F8 Muxes            |    <0.001 |       47 |     32600 |            0.14 |
|   Others                 |     0.000 |       13 |       --- |             --- |
| Signals                  |     0.021 |     2215 |       --- |             --- |
| Block RAM                |     0.009 |        4 |        50 |            8.00 |
| I/O                      |    <0.001 |        4 |       210 |            1.90 |
| Static Power             |     0.072 |          |           |                 |
| Total                    |     0.120 |          |           |                 |
+--------------------------+-----------+----------+-----------+-----------------+


1.2 Power Supply Summary
------------------------

+-----------+-------------+-----------+-------------+------------+-------------+-------------+------------+
| Source    | Voltage (V) | Total (A) | Dynamic (A) | Static (A) | Powerup (A) | Budget (A)  | Margin (A) |
+-----------+-------------+-----------+-------------+------------+-------------+-------------+------------+
| Vccint    |       1.000 |     0.057 |       0.047 |      0.010 |       NA    | Unspecified | NA         |
| Vccaux    |       1.800 |     0.013 |       0.000 |      0.013 |       NA    | Unspecified | NA         |
| Vcco33    |       3.300 |     0.001 |       0.000 |      0.001 |       NA    | Unspecified | NA         |
| Vcco25    |       2.500 |     0.000 |       0.000 |      0.000 |       NA    | Unspecified | NA         |
| Vcco18    |       1.800 |     0.000 |       0.000 |      0.000 |       NA    | Unspecified | NA         |
| Vcco15    |       1.500 |     0.000 |       0.000 |      0.000 |       NA    | Unspecified | NA         |
| Vcco135   |       1.350 |     0.000 |       0.000 |      0.000 |       NA    | Unspecified | NA         |
| Vcco12    |       1.200 |     0.000 |       0.000 |      0.000 |       NA    | Unspecified | NA         |
| Vccaux_io |       1.800 |     0.000 |       0.000 |      0.000 |       NA    | Unspecified | NA         |
| Vccbram   |       1.000 |     0.001 |       0.001 |      0.000 |       NA    | Unspecified | NA         |
| MGTAVcc   |       1.000 |     0.000 |       0.000 |      0.000 |       NA    | Unspecified | NA         |
| MGTAVtt   |       1.200 |     0.000 |       0.000 |      0.000 |       NA    | Unspecified | NA         |
| Vccadc    |       1.800 |     0.020 |       0.000 |      0.020 |       NA    | Unspecified | NA         |
+-----------+-------------+-----------+-------------+------------+-------------+-------------+------------+


1.3 Confidence Level
--------------------

+-----------------------------+------------+-------------------------------------------------------+--------------------------------------------------------------------------------------------------------------------+
| User Input Data             | Confidence | Details                                               | Action                                                                                                             |
+-----------------------------+------------+-------------------------------------------------------+--------------------------------------------------------------------------------------------------------------------+
| Design implementation state | High       | Design is routed                                      |                                                                                                                    |
| Clock nodes activity        | Low        | User specified less than 75% of clocks                | Provide missing clock activity with a constraint file, simulation results or by editing the "By Clock Domain" view |
| I/O nodes activity          | Medium     | More than 5% of inputs are missing user specification | Provide missing input activity with simulation results or by editing the "By Resource Type -> I/Os" view           |
| Internal nodes activity     | Medium     | User specified less than 25% of internal nodes        | Provide missing internal nodes activity with simulation results or by editing the "By Resource Type" views         |
| Device models               | High       | Device models are Production                          |                                                                                                                    |
|                             |            |                                                       |                                                                                                                    |
| Overall confidence level    | Low        |                                                       |                                                                                                                    |
+-----------------------------+------------+-------------------------------------------------------+--------------------------------------------------------------------------------------------------------------------+


2. Settings
-----------

2.1 Environment
---------------

+-----------------------+--------------------------+
| Ambient Temp (C)      | 25.0                     |
| ThetaJA (C/W)         | 4.8                      |
| Airflow (LFM)         | 250                      |
| Heat Sink             | medium (Medium Profile)  |
| ThetaSA (C/W)         | 4.6                      |
| Board Selection       | medium (10"x10")         |
| # of Board Layers     | 12to15 (12 to 15 Layers) |
| Board Temperature (C) | 25.0                     |
+-----------------------+--------------------------+


2.2 Clock Constraints
---------------------

+-------+--------+-----------------+
| Clock | Domain | Constraint (ns) |
+-------+--------+-----------------+
| clock | clock  |            10.0 |
+-------+--------+-----------------+


3. Detailed Reports
-------------------

3.1 By Hierarchy
----------------

+-----------------------------+-----------+
| Name                        | Power (W) |
+-----------------------------+-----------+
| hello_world                 |     0.048 |
|   dual_port_ram_instance    |     0.012 |
|   riscv_steel_core_instance |     0.035 |
|     csr_file_instance       |     0.024 |
|     imm_generator_instance  |     0.001 |
|     integer_file_instance   |     0.004 |
+-----------------------------+-----------+


