INFO: [VRFC 10-2263] Analyzing Verilog file "/home/rafa/ufrgs/steel-core/rtl/alu.v" into library xil_defaultlib
INFO: [VRFC 10-311] analyzing module alu
INFO: [VRFC 10-2263] Analyzing Verilog file "/home/rafa/ufrgs/steel-core/rtl/branch_unit.v" into library xil_defaultlib
INFO: [VRFC 10-311] analyzing module branch_unit
INFO: [VRFC 10-2263] Analyzing Verilog file "/home/rafa/ufrgs/steel-core/rtl/control_unit.v" into library xil_defaultlib
INFO: [VRFC 10-311] analyzing module control_unit
INFO: [VRFC 10-2263] Analyzing Verilog file "/home/rafa/ufrgs/steel-core/rtl/csr_file.v" into library xil_defaultlib
INFO: [VRFC 10-311] analyzing module csr_file
INFO: [VRFC 10-2263] Analyzing Verilog file "/home/rafa/ufrgs/steel-core/rtl/imm_generator.v" into library xil_defaultlib
INFO: [VRFC 10-311] analyzing module imm_generator
INFO: [VRFC 10-2263] Analyzing Verilog file "/home/rafa/ufrgs/steel-core/rtl/integer_file.v" into library xil_defaultlib
INFO: [VRFC 10-311] analyzing module integer_file
INFO: [VRFC 10-2263] Analyzing Verilog file "/home/rafa/ufrgs/steel-core/rtl/load_unit.v" into library xil_defaultlib
INFO: [VRFC 10-311] analyzing module load_unit
INFO: [VRFC 10-2263] Analyzing Verilog file "/home/rafa/ufrgs/steel-core/rtl/machine_control.v" into library xil_defaultlib
INFO: [VRFC 10-311] analyzing module machine_control
INFO: [VRFC 10-2263] Analyzing Verilog file "/home/rafa/ufrgs/steel-core/rtl/steel_top.v" into library xil_defaultlib
INFO: [VRFC 10-311] analyzing module steel_top
INFO: [VRFC 10-2263] Analyzing Verilog file "/home/rafa/ufrgs/steel-core/rtl/bench/tb_steel_top.v" into library xil_defaultlib
INFO: [VRFC 10-311] analyzing module tb_steel_top
