
*** Running vivado
    with args -log hello_world.vdi -applog -m64 -product Vivado -messageDb vivado.pb -mode batch -source hello_world.tcl -notrace


ECHO is off.
ECHO is off.

****** Vivado v2023.1 (64-bit)
  **** SW Build 3865809 on Sun May  7 15:05:29 MDT 2023
  **** IP Build 3864474 on Sun May  7 20:36:21 MDT 2023
  **** SharedData Build 3865790 on Sun May 07 13:33:03 MDT 2023
    ** Copyright 1986-2022 Xilinx, Inc. All Rights Reserved.
    ** Copyright 2022-2023 Advanced Micro Devices, Inc. All Rights Reserved.

source hello_world.tcl -notrace
create_project: Time (s): cpu = 00:00:05 ; elapsed = 00:00:05 . Memory (MB): peak = 443.797 ; gain = 164.152
Command: link_design -top hello_world -part xc7a35ticsg324-1L
Design is defaulting to srcset: sources_1
Design is defaulting to constrset: constrs_1
INFO: [Device 21-403] Loading part xc7a35ticsg324-1L
Netlist sorting complete. Time (s): cpu = 00:00:00 ; elapsed = 00:00:00.019 . Memory (MB): peak = 848.988 ; gain = 0.000
INFO: [Netlist 29-17] Analyzing 293 Unisim elements for replacement
INFO: [Netlist 29-28] Unisim Transformation completed in 0 CPU seconds
INFO: [Project 1-479] Netlist was created with Vivado 2023.1
INFO: [Project 1-570] Preparing netlist for logic optimization
Parsing XDC File [C:/Users/rafcal0v/riscv-steel-core/resources/arty-a7-hello-world-project/hello-world-arty-a7-constraints.xdc]
Finished Parsing XDC File [C:/Users/rafcal0v/riscv-steel-core/resources/arty-a7-hello-world-project/hello-world-arty-a7-constraints.xdc]
INFO: [Opt 31-138] Pushed 0 inverter(s) to 0 load pin(s).
Netlist sorting complete. Time (s): cpu = 00:00:00 ; elapsed = 00:00:00.001 . Memory (MB): peak = 982.402 ; gain = 0.000
INFO: [Project 1-111] Unisim Transformation Summary:
No Unisim elements were transformed.

7 Infos, 0 Warnings, 0 Critical Warnings and 0 Errors encountered.
link_design completed successfully
Command: opt_design
Attempting to get a license for feature 'Implementation' and/or device 'xc7a35ti'
INFO: [Common 17-349] Got license for feature 'Implementation' and/or device 'xc7a35ti'
Running DRC as a precondition to command opt_design

Starting DRC Task
INFO: [DRC 23-27] Running DRC with 2 threads
INFO: [Project 1-461] DRC finished with 0 Errors
INFO: [Project 1-462] Please refer to the DRC report (report_drc) for more information.

Time (s): cpu = 00:00:00 ; elapsed = 00:00:00.922 . Memory (MB): peak = 1006.746 ; gain = 20.305

Starting Cache Timing Information Task
INFO: [Timing 38-35] Done setting XDC timing constraints.
Ending Cache Timing Information Task | Checksum: 199c1a6a2

Time (s): cpu = 00:00:06 ; elapsed = 00:00:06 . Memory (MB): peak = 1552.762 ; gain = 546.016

Starting Logic Optimization Task

Phase 1 Retarget
INFO: [Opt 31-1566] Pulled 2 inverters resulting in an inversion of 9 pins
INFO: [Opt 31-138] Pushed 0 inverter(s) to 0 load pin(s).
INFO: [Opt 31-49] Retargeted 0 cell(s).
Phase 1 Retarget | Checksum: 17aad85ae

Time (s): cpu = 00:00:00 ; elapsed = 00:00:00.177 . Memory (MB): peak = 1888.672 ; gain = 0.000
INFO: [Opt 31-389] Phase Retarget created 0 cells and removed 3 cells

Phase 2 Constant propagation
INFO: [Opt 31-138] Pushed 0 inverter(s) to 0 load pin(s).
Phase 2 Constant propagation | Checksum: 1e13704d2

Time (s): cpu = 00:00:00 ; elapsed = 00:00:00.201 . Memory (MB): peak = 1888.672 ; gain = 0.000
INFO: [Opt 31-389] Phase Constant propagation created 0 cells and removed 0 cells

Phase 3 Sweep
Phase 3 Sweep | Checksum: 16a05e58a

Time (s): cpu = 00:00:00 ; elapsed = 00:00:00.232 . Memory (MB): peak = 1888.672 ; gain = 0.000
INFO: [Opt 31-389] Phase Sweep created 0 cells and removed 1 cells

Phase 4 BUFG optimization
Phase 4 BUFG optimization | Checksum: 16a05e58a

Time (s): cpu = 00:00:00 ; elapsed = 00:00:00.266 . Memory (MB): peak = 1888.672 ; gain = 0.000
INFO: [Opt 31-662] Phase BUFG optimization created 0 cells of which 0 are BUFGs and removed 0 cells.

Phase 5 Shift Register Optimization
INFO: [Opt 31-1064] SRL Remap converted 0 SRLs to 0 registers and converted 0 registers of register chains to 0 SRLs
Phase 5 Shift Register Optimization | Checksum: 17acec33d

Time (s): cpu = 00:00:00 ; elapsed = 00:00:00.332 . Memory (MB): peak = 1888.672 ; gain = 0.000
INFO: [Opt 31-389] Phase Shift Register Optimization created 0 cells and removed 0 cells

Phase 6 Post Processing Netlist
Phase 6 Post Processing Netlist | Checksum: 17acec33d

Time (s): cpu = 00:00:00 ; elapsed = 00:00:00.338 . Memory (MB): peak = 1888.672 ; gain = 0.000
INFO: [Opt 31-389] Phase Post Processing Netlist created 0 cells and removed 0 cells
Opt_design Change Summary
=========================


-------------------------------------------------------------------------------------------------------------------------
|  Phase                        |  #Cells created  |  #Cells Removed  |  #Constrained objects preventing optimizations  |
-------------------------------------------------------------------------------------------------------------------------
|  Retarget                     |               0  |               3  |                                              0  |
|  Constant propagation         |               0  |               0  |                                              0  |
|  Sweep                        |               0  |               1  |                                              0  |
|  BUFG optimization            |               0  |               0  |                                              0  |
|  Shift Register Optimization  |               0  |               0  |                                              0  |
|  Post Processing Netlist      |               0  |               0  |                                              0  |
-------------------------------------------------------------------------------------------------------------------------



Starting Connectivity Check Task

Time (s): cpu = 00:00:00 ; elapsed = 00:00:00.005 . Memory (MB): peak = 1888.672 ; gain = 0.000
Ending Logic Optimization Task | Checksum: 17acec33d

Time (s): cpu = 00:00:00 ; elapsed = 00:00:00.346 . Memory (MB): peak = 1888.672 ; gain = 0.000

Starting Power Optimization Task
INFO: [Pwropt 34-132] Skipping clock gating for clocks with a period < 2.00 ns.
INFO: [Timing 38-35] Done setting XDC timing constraints.
Running Vector-less Activity Propagation...

Finished Running Vector-less Activity Propagation
INFO: [Pwropt 34-9] Applying IDT optimizations ...
INFO: [Pwropt 34-10] Applying ODC optimizations ...


Starting PowerOpt Patch Enables Task
INFO: [Pwropt 34-162] WRITE_MODE attribute of 0 BRAM(s) out of a total of 4 has been updated to save power. Run report_power_opt to get a complete listing of the BRAMs updated.
INFO: [Pwropt 34-201] Structural ODC has moved 0 WE to EN ports
Number of BRAM Ports augmented: 0 newly gated: 0 Total Ports: 8
Ending PowerOpt Patch Enables Task | Checksum: 17acec33d

Time (s): cpu = 00:00:00 ; elapsed = 00:00:00.027 . Memory (MB): peak = 1960.516 ; gain = 0.000
Ending Power Optimization Task | Checksum: 17acec33d

Time (s): cpu = 00:00:03 ; elapsed = 00:00:03 . Memory (MB): peak = 1960.516 ; gain = 71.844

Starting Final Cleanup Task
Ending Final Cleanup Task | Checksum: 17acec33d

Time (s): cpu = 00:00:00 ; elapsed = 00:00:00 . Memory (MB): peak = 1960.516 ; gain = 0.000

Starting Netlist Obfuscation Task
Netlist sorting complete. Time (s): cpu = 00:00:00 ; elapsed = 00:00:00.001 . Memory (MB): peak = 1960.516 ; gain = 0.000
Ending Netlist Obfuscation Task | Checksum: 17acec33d

Time (s): cpu = 00:00:00 ; elapsed = 00:00:00.001 . Memory (MB): peak = 1960.516 ; gain = 0.000
INFO: [Common 17-83] Releasing license: Implementation
30 Infos, 0 Warnings, 0 Critical Warnings and 0 Errors encountered.
opt_design completed successfully
opt_design: Time (s): cpu = 00:00:12 ; elapsed = 00:00:13 . Memory (MB): peak = 1960.516 ; gain = 974.074
INFO: [runtcl-4] Executing : report_drc -file hello_world_drc_opted.rpt -pb hello_world_drc_opted.pb -rpx hello_world_drc_opted.rpx
Command: report_drc -file hello_world_drc_opted.rpt -pb hello_world_drc_opted.pb -rpx hello_world_drc_opted.rpx
INFO: [IP_Flow 19-234] Refreshing IP repositories
INFO: [IP_Flow 19-1704] No user IP repositories specified
INFO: [IP_Flow 19-2313] Loaded Vivado IP repository 'C:/Xilinx/Vivado/2023.1/data/ip'.
INFO: [DRC 23-27] Running DRC with 2 threads
INFO: [Vivado_Tcl 2-168] The results of DRC are in file C:/Users/rafcal0v/riscv-steel-core/resources/arty-a7-hello-world-project/hello-world.runs/impl_1/hello_world_drc_opted.rpt.
report_drc completed successfully
INFO: [Timing 38-480] Writing timing data to binary archive.
Writing XDEF routing.
Writing XDEF routing logical nets.
Writing XDEF routing special nets.
Write XDEF Complete: Time (s): cpu = 00:00:01 ; elapsed = 00:00:00.041 . Memory (MB): peak = 1960.516 ; gain = 0.000
INFO: [Common 17-1381] The checkpoint 'C:/Users/rafcal0v/riscv-steel-core/resources/arty-a7-hello-world-project/hello-world.runs/impl_1/hello_world_opt.dcp' has been generated.
Command: place_design
Attempting to get a license for feature 'Implementation' and/or device 'xc7a35ti'
INFO: [Common 17-349] Got license for feature 'Implementation' and/or device 'xc7a35ti'
INFO: [DRC 23-27] Running DRC with 2 threads
INFO: [Vivado_Tcl 4-198] DRC finished with 0 Errors
INFO: [Vivado_Tcl 4-199] Please refer to the DRC report (report_drc) for more information.
Running DRC as a precondition to command place_design
INFO: [DRC 23-27] Running DRC with 2 threads
INFO: [Vivado_Tcl 4-198] DRC finished with 0 Errors
INFO: [Vivado_Tcl 4-199] Please refer to the DRC report (report_drc) for more information.

Starting Placer Task
INFO: [Place 30-611] Multithreading enabled for place_design using a maximum of 2 CPUs

Phase 1 Placer Initialization

Phase 1.1 Placer Initialization Netlist Sorting
Netlist sorting complete. Time (s): cpu = 00:00:00 ; elapsed = 00:00:00.001 . Memory (MB): peak = 1960.516 ; gain = 0.000
Phase 1.1 Placer Initialization Netlist Sorting | Checksum: d1b84dee

Time (s): cpu = 00:00:00 ; elapsed = 00:00:00.006 . Memory (MB): peak = 1960.516 ; gain = 0.000
Netlist sorting complete. Time (s): cpu = 00:00:00 ; elapsed = 00:00:00.001 . Memory (MB): peak = 1960.516 ; gain = 0.000

Phase 1.2 IO Placement/ Clock Placement/ Build Placer Device
INFO: [Timing 38-35] Done setting XDC timing constraints.
Phase 1.2 IO Placement/ Clock Placement/ Build Placer Device | Checksum: 111180132

Time (s): cpu = 00:00:01 ; elapsed = 00:00:00.469 . Memory (MB): peak = 1960.516 ; gain = 0.000

Phase 1.3 Build Placer Netlist Model
Phase 1.3 Build Placer Netlist Model | Checksum: 1477bae74

Time (s): cpu = 00:00:01 ; elapsed = 00:00:01 . Memory (MB): peak = 1960.516 ; gain = 0.000

Phase 1.4 Constrain Clocks/Macros
Phase 1.4 Constrain Clocks/Macros | Checksum: 1477bae74

Time (s): cpu = 00:00:01 ; elapsed = 00:00:01 . Memory (MB): peak = 1960.516 ; gain = 0.000
Phase 1 Placer Initialization | Checksum: 1477bae74

Time (s): cpu = 00:00:01 ; elapsed = 00:00:01 . Memory (MB): peak = 1960.516 ; gain = 0.000

Phase 2 Global Placement

Phase 2.1 Floorplanning
Phase 2.1 Floorplanning | Checksum: 1c9525aaf

Time (s): cpu = 00:00:01 ; elapsed = 00:00:01 . Memory (MB): peak = 1960.516 ; gain = 0.000

Phase 2.2 Update Timing before SLR Path Opt
Phase 2.2 Update Timing before SLR Path Opt | Checksum: 1953fd471

Time (s): cpu = 00:00:02 ; elapsed = 00:00:01 . Memory (MB): peak = 1960.516 ; gain = 0.000

Phase 2.3 Post-Processing in Floorplanning
Phase 2.3 Post-Processing in Floorplanning | Checksum: 1953fd471

Time (s): cpu = 00:00:02 ; elapsed = 00:00:01 . Memory (MB): peak = 1960.516 ; gain = 0.000

Phase 2.4 Global Placement Core

Phase 2.4.1 UpdateTiming Before Physical Synthesis
Phase 2.4.1 UpdateTiming Before Physical Synthesis | Checksum: 1053d70ec

Time (s): cpu = 00:00:04 ; elapsed = 00:00:03 . Memory (MB): peak = 1960.516 ; gain = 0.000

Phase 2.4.2 Physical Synthesis In Placer
INFO: [Physopt 32-1035] Found 0 LUTNM shape to break, 158 LUT instances to create LUTNM shape
INFO: [Physopt 32-1044] Break lutnm for timing: one critical 0, two critical 0, total 0, new lutff created 0
INFO: [Physopt 32-1138] End 1 Pass. Optimized 41 nets or LUTs. Breaked 0 LUT, combined 41 existing LUTs and moved 0 existing LUT
INFO: [Physopt 32-65] No nets found for high-fanout optimization.
INFO: [Physopt 32-232] Optimized 0 net. Created 0 new instance.
INFO: [Physopt 32-775] End 1 Pass. Optimized 0 net or cell. Created 0 new cell, deleted 0 existing cell and moved 0 existing cell
INFO: [Physopt 32-670] No setup violation found.  DSP Register Optimization was not performed.
INFO: [Physopt 32-670] No setup violation found.  Shift Register to Pipeline Optimization was not performed.
INFO: [Physopt 32-670] No setup violation found.  Shift Register Optimization was not performed.
INFO: [Physopt 32-670] No setup violation found.  BRAM Register Optimization was not performed.
INFO: [Physopt 32-670] No setup violation found.  URAM Register Optimization was not performed.
INFO: [Physopt 32-949] No candidate nets found for dynamic/static region interface net replication
INFO: [Physopt 32-775] End 1 Pass. Optimized 0 net or cell. Created 0 new cell, deleted 0 existing cell and moved 0 existing cell
Netlist sorting complete. Time (s): cpu = 00:00:00 ; elapsed = 00:00:00.001 . Memory (MB): peak = 1960.516 ; gain = 0.000

Summary of Physical Synthesis Optimizations
============================================


-----------------------------------------------------------------------------------------------------------------------------------------------------------
|  Optimization                                     |  Added Cells  |  Removed Cells  |  Optimized Cells/Nets  |  Dont Touch  |  Iterations  |  Elapsed   |
-----------------------------------------------------------------------------------------------------------------------------------------------------------
|  LUT Combining                                    |            0  |             41  |                    41  |           0  |           1  |  00:00:00  |
|  Retime                                           |            0  |              0  |                     0  |           0  |           1  |  00:00:00  |
|  Very High Fanout                                 |            0  |              0  |                     0  |           0  |           1  |  00:00:00  |
|  DSP Register                                     |            0  |              0  |                     0  |           0  |           0  |  00:00:00  |
|  Shift Register to Pipeline                       |            0  |              0  |                     0  |           0  |           0  |  00:00:00  |
|  Shift Register                                   |            0  |              0  |                     0  |           0  |           0  |  00:00:00  |
|  BRAM Register                                    |            0  |              0  |                     0  |           0  |           0  |  00:00:00  |
|  URAM Register                                    |            0  |              0  |                     0  |           0  |           0  |  00:00:00  |
|  Dynamic/Static Region Interface Net Replication  |            0  |              0  |                     0  |           0  |           1  |  00:00:00  |
|  Total                                            |            0  |             41  |                    41  |           0  |           4  |  00:00:00  |
-----------------------------------------------------------------------------------------------------------------------------------------------------------


Phase 2.4.2 Physical Synthesis In Placer | Checksum: 976a33e4

Time (s): cpu = 00:00:04 ; elapsed = 00:00:04 . Memory (MB): peak = 1960.516 ; gain = 0.000
Phase 2.4 Global Placement Core | Checksum: 149b01b27

Time (s): cpu = 00:00:04 ; elapsed = 00:00:04 . Memory (MB): peak = 1960.516 ; gain = 0.000
Phase 2 Global Placement | Checksum: 149b01b27

Time (s): cpu = 00:00:04 ; elapsed = 00:00:04 . Memory (MB): peak = 1960.516 ; gain = 0.000

Phase 3 Detail Placement

Phase 3.1 Commit Multi Column Macros
Phase 3.1 Commit Multi Column Macros | Checksum: 6eaddddb

Time (s): cpu = 00:00:04 ; elapsed = 00:00:04 . Memory (MB): peak = 1960.516 ; gain = 0.000

Phase 3.2 Commit Most Macros & LUTRAMs
Phase 3.2 Commit Most Macros & LUTRAMs | Checksum: db9601e7

Time (s): cpu = 00:00:04 ; elapsed = 00:00:04 . Memory (MB): peak = 1960.516 ; gain = 0.000

Phase 3.3 Area Swap Optimization
Phase 3.3 Area Swap Optimization | Checksum: d51982ae

Time (s): cpu = 00:00:04 ; elapsed = 00:00:04 . Memory (MB): peak = 1960.516 ; gain = 0.000

Phase 3.4 Pipeline Register Optimization
Phase 3.4 Pipeline Register Optimization | Checksum: e86f1f55

Time (s): cpu = 00:00:04 ; elapsed = 00:00:04 . Memory (MB): peak = 1960.516 ; gain = 0.000

Phase 3.5 Small Shape Detail Placement
Phase 3.5 Small Shape Detail Placement | Checksum: ebc3545c

Time (s): cpu = 00:00:05 ; elapsed = 00:00:06 . Memory (MB): peak = 1960.516 ; gain = 0.000

Phase 3.6 Re-assign LUT pins
Phase 3.6 Re-assign LUT pins | Checksum: de6c6b53

Time (s): cpu = 00:00:05 ; elapsed = 00:00:06 . Memory (MB): peak = 1960.516 ; gain = 0.000

Phase 3.7 Pipeline Register Optimization
Phase 3.7 Pipeline Register Optimization | Checksum: c9d1deea

Time (s): cpu = 00:00:05 ; elapsed = 00:00:06 . Memory (MB): peak = 1960.516 ; gain = 0.000
Phase 3 Detail Placement | Checksum: c9d1deea

Time (s): cpu = 00:00:05 ; elapsed = 00:00:06 . Memory (MB): peak = 1960.516 ; gain = 0.000

Phase 4 Post Placement Optimization and Clean-Up

Phase 4.1 Post Commit Optimization
INFO: [Timing 38-35] Done setting XDC timing constraints.

Phase 4.1.1 Post Placement Optimization
Post Placement Optimization Initialization | Checksum: 9da7a615

Phase 4.1.1.1 BUFG Insertion

Starting Physical Synthesis Task

Phase 1 Physical Synthesis Initialization
INFO: [Physopt 32-721] Multithreading enabled for phys_opt_design using a maximum of 2 CPUs
INFO: [Physopt 32-619] Estimated Timing Summary | WNS=1.426 | TNS=0.000 |
Phase 1 Physical Synthesis Initialization | Checksum: 12d41c87a

Time (s): cpu = 00:00:00 ; elapsed = 00:00:00.131 . Memory (MB): peak = 1960.516 ; gain = 0.000
INFO: [Place 46-56] BUFG insertion identified 0 candidate nets. Inserted BUFG: 0, Replicated BUFG Driver: 0, Skipped due to Placement/Routing Conflicts: 0, Skipped due to Timing Degradation: 0, Skipped due to netlist editing failed: 0.
Ending Physical Synthesis Task | Checksum: 12d41c87a

Time (s): cpu = 00:00:00 ; elapsed = 00:00:00.153 . Memory (MB): peak = 1960.516 ; gain = 0.000
Phase 4.1.1.1 BUFG Insertion | Checksum: 9da7a615

Time (s): cpu = 00:00:06 ; elapsed = 00:00:07 . Memory (MB): peak = 1960.516 ; gain = 0.000

Phase 4.1.1.2 Post Placement Timing Optimization
INFO: [Place 30-746] Post Placement Timing Summary WNS=1.426. For the most accurate timing information please run report_timing.
Phase 4.1.1.2 Post Placement Timing Optimization | Checksum: a52ba4d6

Time (s): cpu = 00:00:06 ; elapsed = 00:00:07 . Memory (MB): peak = 1960.516 ; gain = 0.000

Time (s): cpu = 00:00:06 ; elapsed = 00:00:07 . Memory (MB): peak = 1960.516 ; gain = 0.000
Phase 4.1 Post Commit Optimization | Checksum: a52ba4d6

Time (s): cpu = 00:00:06 ; elapsed = 00:00:07 . Memory (MB): peak = 1960.516 ; gain = 0.000

Phase 4.2 Post Placement Cleanup
Phase 4.2 Post Placement Cleanup | Checksum: a52ba4d6

Time (s): cpu = 00:00:06 ; elapsed = 00:00:07 . Memory (MB): peak = 1960.516 ; gain = 0.000

Phase 4.3 Placer Reporting

Phase 4.3.1 Print Estimated Congestion
INFO: [Place 30-612] Post-Placement Estimated Congestion 
 ____________________________________________________
|           | Global Congestion | Short Congestion  |
| Direction | Region Size       | Region Size       |
|___________|___________________|___________________|
|      North|                1x1|                4x4|
|___________|___________________|___________________|
|      South|                1x1|                1x1|
|___________|___________________|___________________|
|       East|                1x1|                2x2|
|___________|___________________|___________________|
|       West|                1x1|                1x1|
|___________|___________________|___________________|

Phase 4.3.1 Print Estimated Congestion | Checksum: a52ba4d6

Time (s): cpu = 00:00:06 ; elapsed = 00:00:07 . Memory (MB): peak = 1960.516 ; gain = 0.000
Phase 4.3 Placer Reporting | Checksum: a52ba4d6

Time (s): cpu = 00:00:06 ; elapsed = 00:00:07 . Memory (MB): peak = 1960.516 ; gain = 0.000

Phase 4.4 Final Placement Cleanup
Netlist sorting complete. Time (s): cpu = 00:00:00 ; elapsed = 00:00:00.001 . Memory (MB): peak = 1960.516 ; gain = 0.000

Time (s): cpu = 00:00:06 ; elapsed = 00:00:07 . Memory (MB): peak = 1960.516 ; gain = 0.000
Phase 4 Post Placement Optimization and Clean-Up | Checksum: 12adbb86b

Time (s): cpu = 00:00:06 ; elapsed = 00:00:07 . Memory (MB): peak = 1960.516 ; gain = 0.000
Ending Placer Task | Checksum: 109db66c0

Time (s): cpu = 00:00:06 ; elapsed = 00:00:07 . Memory (MB): peak = 1960.516 ; gain = 0.000
INFO: [Common 17-83] Releasing license: Implementation
67 Infos, 0 Warnings, 0 Critical Warnings and 0 Errors encountered.
place_design completed successfully
place_design: Time (s): cpu = 00:00:07 ; elapsed = 00:00:08 . Memory (MB): peak = 1960.516 ; gain = 0.000
INFO: [runtcl-4] Executing : report_io -file hello_world_io_placed.rpt
report_io: Time (s): cpu = 00:00:00 ; elapsed = 00:00:00.035 . Memory (MB): peak = 1960.516 ; gain = 0.000
INFO: [runtcl-4] Executing : report_utilization -file hello_world_utilization_placed.rpt -pb hello_world_utilization_placed.pb
INFO: [runtcl-4] Executing : report_control_sets -verbose -file hello_world_control_sets_placed.rpt
report_control_sets: Time (s): cpu = 00:00:00 ; elapsed = 00:00:00.007 . Memory (MB): peak = 1960.516 ; gain = 0.000
INFO: [Timing 38-480] Writing timing data to binary archive.
Writing XDEF routing.
Writing XDEF routing logical nets.
Writing XDEF routing special nets.
Write XDEF Complete: Time (s): cpu = 00:00:01 ; elapsed = 00:00:00.301 . Memory (MB): peak = 1960.516 ; gain = 0.000
INFO: [Common 17-1381] The checkpoint 'C:/Users/rafcal0v/riscv-steel-core/resources/arty-a7-hello-world-project/hello-world.runs/impl_1/hello_world_placed.dcp' has been generated.
Command: phys_opt_design
Attempting to get a license for feature 'Implementation' and/or device 'xc7a35ti'
INFO: [Common 17-349] Got license for feature 'Implementation' and/or device 'xc7a35ti'

Starting Initial Update Timing Task

Time (s): cpu = 00:00:01 ; elapsed = 00:00:00.403 . Memory (MB): peak = 1960.516 ; gain = 0.000
INFO: [Vivado_Tcl 4-383] Design worst setup slack (WNS) is greater than or equal to 0.000 ns. Skipping all physical synthesis optimizations.
INFO: [Vivado_Tcl 4-232] No setup violation found. The netlist was not modified.
INFO: [Common 17-83] Releasing license: Implementation
76 Infos, 0 Warnings, 0 Critical Warnings and 0 Errors encountered.
phys_opt_design completed successfully
INFO: [Timing 38-480] Writing timing data to binary archive.
Writing XDEF routing.
Writing XDEF routing logical nets.
Writing XDEF routing special nets.
Write XDEF Complete: Time (s): cpu = 00:00:00 ; elapsed = 00:00:00.303 . Memory (MB): peak = 1960.516 ; gain = 0.000
INFO: [Common 17-1381] The checkpoint 'C:/Users/rafcal0v/riscv-steel-core/resources/arty-a7-hello-world-project/hello-world.runs/impl_1/hello_world_physopt.dcp' has been generated.
Command: route_design
Attempting to get a license for feature 'Implementation' and/or device 'xc7a35ti'
INFO: [Common 17-349] Got license for feature 'Implementation' and/or device 'xc7a35ti'
Running DRC as a precondition to command route_design
INFO: [DRC 23-27] Running DRC with 2 threads
INFO: [Vivado_Tcl 4-198] DRC finished with 0 Errors
INFO: [Vivado_Tcl 4-199] Please refer to the DRC report (report_drc) for more information.


Starting Routing Task
INFO: [Route 35-254] Multithreading enabled for route_design using a maximum of 2 CPUs

Phase 1 Build RT Design
Checksum: PlaceDB: 4575ee54 ConstDB: 0 ShapeSum: c465786c RouteDB: 0
Post Restoration Checksum: NetGraph: a6d3062 | NumContArr: 50bea376 | Constraints: 190a55ad | Timing: 0
Phase 1 Build RT Design | Checksum: 74362985

Time (s): cpu = 00:00:23 ; elapsed = 00:00:23 . Memory (MB): peak = 2055.848 ; gain = 95.332

Phase 2 Router Initialization

Phase 2.1 Fix Topology Constraints
Phase 2.1 Fix Topology Constraints | Checksum: 74362985

Time (s): cpu = 00:00:23 ; elapsed = 00:00:23 . Memory (MB): peak = 2055.848 ; gain = 95.332

Phase 2.2 Pre Route Cleanup
Phase 2.2 Pre Route Cleanup | Checksum: 74362985

Time (s): cpu = 00:00:23 ; elapsed = 00:00:23 . Memory (MB): peak = 2055.848 ; gain = 95.332
 Number of Nodes with overlaps = 0

Phase 2.3 Update Timing
Phase 2.3 Update Timing | Checksum: 15eee8ec6

Time (s): cpu = 00:00:24 ; elapsed = 00:00:24 . Memory (MB): peak = 2063.875 ; gain = 103.359
INFO: [Route 35-416] Intermediate Timing Summary | WNS=1.886  | TNS=0.000  | WHS=-0.147 | THS=-8.021 |


Router Utilization Summary
  Global Vertical Routing Utilization    = 0.000159451 %
  Global Horizontal Routing Utilization  = 0.000130141 %
  Routable Net Status*
  *Does not include unroutable nets such as driverless and loadless.
  Run report_route_status for detailed report.
  Number of Failed Nets               = 3965
    (Failed Nets is the sum of unrouted and partially routed nets)
  Number of Unrouted Nets             = 3964
  Number of Partially Routed Nets     = 1
  Number of Node Overlaps             = 0

Phase 2 Router Initialization | Checksum: 1cf40287f

Time (s): cpu = 00:00:24 ; elapsed = 00:00:25 . Memory (MB): peak = 2063.875 ; gain = 103.359

Phase 3 Initial Routing

Phase 3.1 Global Routing
Phase 3.1 Global Routing | Checksum: 1cf40287f

Time (s): cpu = 00:00:24 ; elapsed = 00:00:25 . Memory (MB): peak = 2063.875 ; gain = 103.359
Phase 3 Initial Routing | Checksum: 193fd33da

Time (s): cpu = 00:00:25 ; elapsed = 00:00:26 . Memory (MB): peak = 2065.941 ; gain = 105.426

Phase 4 Rip-up And Reroute

Phase 4.1 Global Iteration 0
 Number of Nodes with overlaps = 1814
 Number of Nodes with overlaps = 684
 Number of Nodes with overlaps = 277
 Number of Nodes with overlaps = 125
 Number of Nodes with overlaps = 67
 Number of Nodes with overlaps = 31
 Number of Nodes with overlaps = 17
 Number of Nodes with overlaps = 7
 Number of Nodes with overlaps = 3
 Number of Nodes with overlaps = 2
 Number of Nodes with overlaps = 2
 Number of Nodes with overlaps = 2
 Number of Nodes with overlaps = 4
 Number of Nodes with overlaps = 1
 Number of Nodes with overlaps = 0
INFO: [Route 35-416] Intermediate Timing Summary | WNS=1.703  | TNS=0.000  | WHS=N/A    | THS=N/A    |

Phase 4.1 Global Iteration 0 | Checksum: 16eeab066

Time (s): cpu = 00:00:31 ; elapsed = 00:00:36 . Memory (MB): peak = 2065.941 ; gain = 105.426
Phase 4 Rip-up And Reroute | Checksum: 16eeab066

Time (s): cpu = 00:00:31 ; elapsed = 00:00:36 . Memory (MB): peak = 2065.941 ; gain = 105.426

Phase 5 Delay and Skew Optimization

Phase 5.1 Delay CleanUp

Phase 5.1.1 Update Timing
Phase 5.1.1 Update Timing | Checksum: 1499a6b1e

Time (s): cpu = 00:00:31 ; elapsed = 00:00:37 . Memory (MB): peak = 2065.941 ; gain = 105.426
INFO: [Route 35-416] Intermediate Timing Summary | WNS=1.724  | TNS=0.000  | WHS=N/A    | THS=N/A    |

Phase 5.1 Delay CleanUp | Checksum: 1499a6b1e

Time (s): cpu = 00:00:31 ; elapsed = 00:00:37 . Memory (MB): peak = 2065.941 ; gain = 105.426

Phase 5.2 Clock Skew Optimization
Phase 5.2 Clock Skew Optimization | Checksum: 1499a6b1e

Time (s): cpu = 00:00:31 ; elapsed = 00:00:37 . Memory (MB): peak = 2065.941 ; gain = 105.426
Phase 5 Delay and Skew Optimization | Checksum: 1499a6b1e

Time (s): cpu = 00:00:31 ; elapsed = 00:00:37 . Memory (MB): peak = 2065.941 ; gain = 105.426

Phase 6 Post Hold Fix

Phase 6.1 Hold Fix Iter

Phase 6.1.1 Update Timing
Phase 6.1.1 Update Timing | Checksum: 1bdc13121

Time (s): cpu = 00:00:31 ; elapsed = 00:00:37 . Memory (MB): peak = 2065.941 ; gain = 105.426
INFO: [Route 35-416] Intermediate Timing Summary | WNS=1.724  | TNS=0.000  | WHS=0.092  | THS=0.000  |

Phase 6.1 Hold Fix Iter | Checksum: 21865da75

Time (s): cpu = 00:00:31 ; elapsed = 00:00:37 . Memory (MB): peak = 2065.941 ; gain = 105.426
Phase 6 Post Hold Fix | Checksum: 21865da75

Time (s): cpu = 00:00:31 ; elapsed = 00:00:37 . Memory (MB): peak = 2065.941 ; gain = 105.426

Phase 7 Route finalize

Router Utilization Summary
  Global Vertical Routing Utilization    = 2.01228 %
  Global Horizontal Routing Utilization  = 2.49245 %
  Routable Net Status*
  *Does not include unroutable nets such as driverless and loadless.
  Run report_route_status for detailed report.
  Number of Failed Nets               = 0
    (Failed Nets is the sum of unrouted and partially routed nets)
  Number of Unrouted Nets             = 0
  Number of Partially Routed Nets     = 0
  Number of Node Overlaps             = 0

Phase 7 Route finalize | Checksum: 165344c5a

Time (s): cpu = 00:00:31 ; elapsed = 00:00:37 . Memory (MB): peak = 2065.941 ; gain = 105.426

Phase 8 Verifying routed nets

 Verification completed successfully
Phase 8 Verifying routed nets | Checksum: 165344c5a

Time (s): cpu = 00:00:31 ; elapsed = 00:00:37 . Memory (MB): peak = 2065.941 ; gain = 105.426

Phase 9 Depositing Routes
Phase 9 Depositing Routes | Checksum: 11b390bf0

Time (s): cpu = 00:00:32 ; elapsed = 00:00:37 . Memory (MB): peak = 2065.941 ; gain = 105.426

Phase 10 Post Router Timing
INFO: [Route 35-57] Estimated Timing Summary | WNS=1.724  | TNS=0.000  | WHS=0.092  | THS=0.000  |

INFO: [Route 35-327] The final timing numbers are based on the router estimated timing analysis. For a complete and accurate timing signoff, please run report_timing_summary.
Phase 10 Post Router Timing | Checksum: 11b390bf0

Time (s): cpu = 00:00:32 ; elapsed = 00:00:37 . Memory (MB): peak = 2065.941 ; gain = 105.426
INFO: [Route 35-16] Router Completed Successfully

Phase 11 Post-Route Event Processing
Phase 11 Post-Route Event Processing | Checksum: 1bbc476cb

Time (s): cpu = 00:00:32 ; elapsed = 00:00:37 . Memory (MB): peak = 2065.941 ; gain = 105.426

Time (s): cpu = 00:00:32 ; elapsed = 00:00:37 . Memory (MB): peak = 2065.941 ; gain = 105.426

Routing Is Done.
INFO: [Common 17-83] Releasing license: Implementation
91 Infos, 0 Warnings, 0 Critical Warnings and 0 Errors encountered.
route_design completed successfully
route_design: Time (s): cpu = 00:00:33 ; elapsed = 00:00:38 . Memory (MB): peak = 2065.941 ; gain = 105.426
INFO: [runtcl-4] Executing : report_drc -file hello_world_drc_routed.rpt -pb hello_world_drc_routed.pb -rpx hello_world_drc_routed.rpx
Command: report_drc -file hello_world_drc_routed.rpt -pb hello_world_drc_routed.pb -rpx hello_world_drc_routed.rpx
INFO: [IP_Flow 19-1839] IP Catalog is up to date.
INFO: [DRC 23-27] Running DRC with 2 threads
INFO: [Vivado_Tcl 2-168] The results of DRC are in file C:/Users/rafcal0v/riscv-steel-core/resources/arty-a7-hello-world-project/hello-world.runs/impl_1/hello_world_drc_routed.rpt.
report_drc completed successfully
INFO: [runtcl-4] Executing : report_methodology -file hello_world_methodology_drc_routed.rpt -pb hello_world_methodology_drc_routed.pb -rpx hello_world_methodology_drc_routed.rpx
Command: report_methodology -file hello_world_methodology_drc_routed.rpt -pb hello_world_methodology_drc_routed.pb -rpx hello_world_methodology_drc_routed.rpx
INFO: [Timing 38-35] Done setting XDC timing constraints.
INFO: [DRC 23-133] Running Methodology with 2 threads
INFO: [Vivado_Tcl 2-1520] The results of Report Methodology are in file C:/Users/rafcal0v/riscv-steel-core/resources/arty-a7-hello-world-project/hello-world.runs/impl_1/hello_world_methodology_drc_routed.rpt.
report_methodology completed successfully
INFO: [runtcl-4] Executing : report_power -file hello_world_power_routed.rpt -pb hello_world_power_summary_routed.pb -rpx hello_world_power_routed.rpx
Command: report_power -file hello_world_power_routed.rpt -pb hello_world_power_summary_routed.pb -rpx hello_world_power_routed.rpx
INFO: [Timing 38-35] Done setting XDC timing constraints.
Running Vector-less Activity Propagation...

Finished Running Vector-less Activity Propagation
101 Infos, 0 Warnings, 0 Critical Warnings and 0 Errors encountered.
report_power completed successfully
INFO: [runtcl-4] Executing : report_route_status -file hello_world_route_status.rpt -pb hello_world_route_status.pb
INFO: [runtcl-4] Executing : report_timing_summary -max_paths 10 -report_unconstrained -file hello_world_timing_summary_routed.rpt -pb hello_world_timing_summary_routed.pb -rpx hello_world_timing_summary_routed.rpx -warn_on_violation 
INFO: [Timing 38-91] UpdateTimingParams: Speed grade: -1L, Delay Type: min_max.
INFO: [Timing 38-191] Multithreading enabled for timing update using a maximum of 2 CPUs
INFO: [runtcl-4] Executing : report_incremental_reuse -file hello_world_incremental_reuse_routed.rpt
INFO: [Vivado_Tcl 4-1062] Incremental flow is disabled. No incremental reuse Info to report.
INFO: [runtcl-4] Executing : report_clock_utilization -file hello_world_clock_utilization_routed.rpt
INFO: [runtcl-4] Executing : report_bus_skew -warn_on_violation -file hello_world_bus_skew_routed.rpt -pb hello_world_bus_skew_routed.pb -rpx hello_world_bus_skew_routed.rpx
INFO: [Timing 38-91] UpdateTimingParams: Speed grade: -1L, Delay Type: min_max.
INFO: [Timing 38-191] Multithreading enabled for timing update using a maximum of 2 CPUs
INFO: [Timing 38-480] Writing timing data to binary archive.
Writing XDEF routing.
Writing XDEF routing logical nets.
Writing XDEF routing special nets.
Write XDEF Complete: Time (s): cpu = 00:00:01 ; elapsed = 00:00:00.340 . Memory (MB): peak = 2114.934 ; gain = 0.277
INFO: [Common 17-1381] The checkpoint 'C:/Users/rafcal0v/riscv-steel-core/resources/arty-a7-hello-world-project/hello-world.runs/impl_1/hello_world_routed.dcp' has been generated.
Command: write_bitstream -force hello_world.bit
Attempting to get a license for feature 'Implementation' and/or device 'xc7a35ti'
INFO: [Common 17-349] Got license for feature 'Implementation' and/or device 'xc7a35ti'
Running DRC as a precondition to command write_bitstream
INFO: [IP_Flow 19-1839] IP Catalog is up to date.
INFO: [DRC 23-27] Running DRC with 2 threads
INFO: [Vivado 12-3199] DRC finished with 0 Errors
INFO: [Vivado 12-3200] Please refer to the DRC report (report_drc) for more information.
INFO: [Designutils 20-2272] Running write_bitstream with 2 threads.
Loading data files...
Loading site data...
Loading route data...
Processing options...
Creating bitmap...
Creating bitstream...
Writing bitstream ./hello_world.bit...
INFO: [Vivado 12-1842] Bitgen Completed Successfully.
INFO: [Project 1-1876] WebTalk data collection is mandatory when using a ULT device. To see the specific WebTalk data collected for your design, open the usage_statistics_webtalk.html or usage_statistics_webtalk.xml file in the implementation directory.
INFO: [Common 17-83] Releasing license: Implementation
14 Infos, 0 Warnings, 0 Critical Warnings and 0 Errors encountered.
write_bitstream completed successfully
write_bitstream: Time (s): cpu = 00:00:10 ; elapsed = 00:00:09 . Memory (MB): peak = 2643.734 ; gain = 528.801
INFO: [Common 17-206] Exiting Vivado at Wed Aug 16 03:01:10 2023...
